<?xml version="1.0" encoding="UTF-8" ?>
<testsuite tests="3" failures="0" name="AbstractFactory.PagoTest" time="0.029" errors="0" skipped="0">
  <properties>
[...]
</properties>
  <testcase classname="AbstractFactory.PagoTest" name="AbstractFactory.PagoTest.testPago01" time="0.01"/>
  <testcase classname="AbstractFactory.PagoTest" name="AbstractFactory.PagoTest.testPago02" time="0.019"/>
  <testcase classname="AbstractFactory.PagoTest" name="AbstractFactory.PagoTest.testPago03" time="0"/>
</testsuite>